<?xml version="1.0" encoding="UTF-8"?>
<!-- Generated by org.testng.reporters.JUnitReportReporter -->
<testsuite skipped="0" hostname="IBM-Testing01" name="com.training.sanity.tests.CYTC_005" tests="1" failures="0" timestamp="15 Jan 2020 20:15:29 GMT" time="17.157" errors="0">
  <testcase name="validLoginTest" time="17.157" classname="com.training.sanity.tests.CYTC_005"/>
</testsuite> <!-- com.training.sanity.tests.CYTC_005 -->
